<?xml version="1.0" encoding="UTF-8"?>
<testsuite name="Quartet.CardTest" tests="4" skipped="0" failures="0" errors="0" timestamp="2022-07-07T23:39:26" hostname="whitesphinx" time="0.009">
  <properties/>
  <testcase name="test_constructorInvalid" classname="Quartet.CardTest" time="0.006"/>
  <testcase name="test_equals" classname="Quartet.CardTest" time="0.001"/>
  <testcase name="test_naturalOrder" classname="Quartet.CardTest" time="0.001"/>
  <testcase name="test_constructorValid" classname="Quartet.CardTest" time="0.001"/>
  <system-out><![CDATA[]]></system-out>
  <system-err><![CDATA[]]></system-err>
</testsuite>
